2026-03-06 14:59:09,275 - app.db.database - INFO - Connected to MongoDB at localhost:27017
2026-03-06 14:59:09,436 - app.db.database - INFO - Database indexes created
2026-03-06 14:59:09,557 - app.detection.ml_engine - INFO - Created fresh random_forest model (untrained)
2026-03-06 14:59:09,589 - app.detection.ml_engine - INFO - Deep Learning models initialized (CNN, LSTM, AE)
2026-03-06 14:59:09,591 - app.detection.signature_engine - INFO - Loaded 13 signature rules
2026-03-06 14:59:09,591 - nids - INFO - NIDS Orchestrator initialized
2026-03-06 14:59:24,218 - app.db.database - INFO - Connected to MongoDB at localhost:27017
2026-03-06 14:59:24,229 - app.db.database - INFO - Database indexes created
2026-03-06 14:59:24,341 - app.detection.ml_engine - INFO - Created fresh random_forest model (untrained)
2026-03-06 14:59:24,346 - app.detection.ml_engine - INFO - Deep Learning models initialized (CNN, LSTM, AE)
2026-03-06 14:59:24,347 - app.detection.signature_engine - INFO - Loaded 13 signature rules
2026-03-06 14:59:24,347 - nids - INFO - NIDS Orchestrator initialized
2026-03-06 14:59:29,389 - watchfiles.main - INFO - 1 change detected
2026-03-06 14:59:29,751 - watchfiles.main - INFO - 1 change detected
2026-03-06 14:59:30,159 - watchfiles.main - INFO - 1 change detected
2026-03-06 14:59:30,675 - watchfiles.main - INFO - 1 change detected
2026-03-06 14:59:31,088 - watchfiles.main - INFO - 1 change detected
2026-03-06 14:59:31,495 - watchfiles.main - INFO - 1 change detected
2026-03-06 14:59:31,910 - watchfiles.main - INFO - 1 change detected
2026-03-06 14:59:32,315 - watchfiles.main - INFO - 1 change detected
2026-03-06 14:59:32,718 - watchfiles.main - INFO - 1 change detected
2026-03-06 14:59:33,124 - watchfiles.main - INFO - 1 change detected
2026-03-06 14:59:33,583 - watchfiles.main - INFO - 1 change detected
2026-03-06 14:59:33,985 - watchfiles.main - INFO - 1 change detected
2026-03-06 14:59:34,393 - watchfiles.main - INFO - 1 change detected
2026-03-06 14:59:34,795 - watchfiles.main - INFO - 1 change detected
2026-03-06 14:59:35,199 - watchfiles.main - INFO - 1 change detected
2026-03-06 14:59:35,607 - watchfiles.main - INFO - 1 change detected
2026-03-06 14:59:36,060 - watchfiles.main - INFO - 1 change detected
2026-03-06 14:59:36,474 - watchfiles.main - INFO - 1 change detected
2026-03-06 14:59:36,882 - watchfiles.main - INFO - 1 change detected
2026-03-06 14:59:37,286 - watchfiles.main - INFO - 1 change detected
2026-03-06 14:59:37,694 - watchfiles.main - INFO - 1 change detected
2026-03-06 14:59:38,145 - watchfiles.main - INFO - 1 change detected
2026-03-06 14:59:38,498 - watchfiles.main - INFO - 1 change detected
2026-03-06 14:59:38,910 - watchfiles.main - INFO - 1 change detected
2026-03-06 14:59:39,313 - watchfiles.main - INFO - 1 change detected
2026-03-06 14:59:39,768 - watchfiles.main - INFO - 1 change detected
2026-03-06 14:59:40,185 - watchfiles.main - INFO - 1 change detected
2026-03-06 14:59:40,590 - watchfiles.main - INFO - 1 change detected
2026-03-06 14:59:40,996 - watchfiles.main - INFO - 1 change detected
2026-03-06 14:59:41,399 - watchfiles.main - INFO - 1 change detected
2026-03-06 14:59:41,805 - watchfiles.main - INFO - 1 change detected
2026-03-06 14:59:42,270 - watchfiles.main - INFO - 1 change detected
2026-03-06 14:59:42,684 - watchfiles.main - INFO - 1 change detected
2026-03-06 14:59:43,092 - watchfiles.main - INFO - 1 change detected
2026-03-06 14:59:43,496 - watchfiles.main - INFO - 1 change detected
2026-03-06 14:59:43,952 - watchfiles.main - INFO - 1 change detected
2026-03-06 14:59:44,356 - watchfiles.main - INFO - 1 change detected
2026-03-06 14:59:44,757 - watchfiles.main - INFO - 1 change detected
2026-03-06 14:59:45,165 - watchfiles.main - INFO - 1 change detected
2026-03-06 14:59:45,576 - watchfiles.main - INFO - 1 change detected
2026-03-06 14:59:45,991 - watchfiles.main - INFO - 1 change detected
2026-03-06 14:59:46,396 - watchfiles.main - INFO - 1 change detected
2026-03-06 14:59:46,801 - watchfiles.main - INFO - 1 change detected
2026-03-06 14:59:47,253 - watchfiles.main - INFO - 1 change detected
2026-03-06 14:59:47,617 - watchfiles.main - INFO - 1 change detected
2026-03-06 14:59:48,024 - watchfiles.main - INFO - 1 change detected
2026-03-06 14:59:48,478 - watchfiles.main - INFO - 1 change detected
2026-03-06 14:59:48,844 - watchfiles.main - INFO - 1 change detected
2026-03-06 14:59:49,304 - watchfiles.main - INFO - 1 change detected
2026-03-06 14:59:49,707 - watchfiles.main - INFO - 1 change detected
2026-03-06 14:59:50,112 - watchfiles.main - INFO - 1 change detected
2026-03-06 14:59:50,517 - watchfiles.main - INFO - 1 change detected
2026-03-06 14:59:50,919 - watchfiles.main - INFO - 1 change detected
2026-03-06 14:59:51,373 - watchfiles.main - INFO - 1 change detected
2026-03-06 14:59:51,775 - watchfiles.main - INFO - 1 change detected
2026-03-06 14:59:52,140 - watchfiles.main - INFO - 1 change detected
2026-03-06 14:59:52,598 - watchfiles.main - INFO - 1 change detected
2026-03-06 14:59:53,014 - watchfiles.main - INFO - 1 change detected
2026-03-06 14:59:53,418 - watchfiles.main - INFO - 1 change detected
2026-03-06 14:59:53,821 - watchfiles.main - INFO - 1 change detected
2026-03-06 14:59:54,276 - watchfiles.main - INFO - 1 change detected
2026-03-06 14:59:54,691 - watchfiles.main - INFO - 1 change detected
2026-03-06 14:59:55,095 - watchfiles.main - INFO - 1 change detected
2026-03-06 14:59:55,501 - watchfiles.main - INFO - 1 change detected
2026-03-06 14:59:55,960 - watchfiles.main - INFO - 1 change detected
2026-03-06 14:59:56,365 - watchfiles.main - INFO - 1 change detected
2026-03-06 14:59:56,771 - watchfiles.main - INFO - 1 change detected
2026-03-06 14:59:57,178 - watchfiles.main - INFO - 1 change detected
2026-03-06 14:59:57,631 - watchfiles.main - INFO - 1 change detected
2026-03-06 14:59:58,046 - watchfiles.main - INFO - 1 change detected
2026-03-06 14:59:58,573 - app.core.capture_engine - INFO - Worker-0: starting capture on Wi-Fi
2026-03-06 14:59:58,574 - app.core.capture_engine - INFO - Worker-1: starting capture on Wi-Fi
2026-03-06 14:59:58,574 - app.core.capture_engine - INFO - Worker-2: starting capture on Wi-Fi
2026-03-06 14:59:58,575 - app.core.capture_engine - INFO - Worker-3: starting capture on Wi-Fi
2026-03-06 14:59:58,575 - app.core.capture_engine - INFO - Capture engine started on 'Wi-Fi' with 4 worker(s)
2026-03-06 14:59:58,576 - app.core.orchestrator - INFO - NIDS system started
2026-03-06 14:59:58,808 - watchfiles.main - INFO - 1 change detected
2026-03-06 14:59:59,209 - watchfiles.main - INFO - 1 change detected
2026-03-06 14:59:59,611 - watchfiles.main - INFO - 1 change detected
2026-03-06 15:00:00,066 - watchfiles.main - INFO - 1 change detected
2026-03-06 15:00:00,468 - watchfiles.main - INFO - 1 change detected
2026-03-06 15:00:00,874 - watchfiles.main - INFO - 1 change detected
2026-03-06 15:00:01,278 - watchfiles.main - INFO - 1 change detected
2026-03-06 15:00:01,686 - watchfiles.main - INFO - 1 change detected
2026-03-06 15:00:02,090 - watchfiles.main - INFO - 1 change detected
2026-03-06 15:00:02,493 - watchfiles.main - INFO - 1 change detected
2026-03-06 15:00:02,896 - watchfiles.main - INFO - 1 change detected
2026-03-06 15:00:03,351 - watchfiles.main - INFO - 1 change detected
2026-03-06 15:00:03,767 - watchfiles.main - INFO - 1 change detected
2026-03-06 15:00:04,171 - watchfiles.main - INFO - 1 change detected
2026-03-06 15:00:04,576 - watchfiles.main - INFO - 1 change detected
2026-03-06 15:00:04,984 - watchfiles.main - INFO - 1 change detected
2026-03-06 15:00:05,388 - watchfiles.main - INFO - 1 change detected
2026-03-06 15:00:05,794 - watchfiles.main - INFO - 1 change detected
2026-03-06 15:00:06,251 - watchfiles.main - INFO - 1 change detected
2026-03-06 15:00:06,703 - watchfiles.main - INFO - 1 change detected
2026-03-06 15:00:07,069 - watchfiles.main - INFO - 1 change detected
2026-03-06 15:00:07,528 - watchfiles.main - INFO - 1 change detected
2026-03-06 15:00:07,893 - watchfiles.main - INFO - 1 change detected
2026-03-06 15:00:08,302 - watchfiles.main - INFO - 1 change detected
2026-03-06 15:00:08,708 - watchfiles.main - INFO - 1 change detected
2026-03-06 15:00:09,163 - watchfiles.main - INFO - 1 change detected
2026-03-06 15:00:09,578 - watchfiles.main - INFO - 1 change detected
2026-03-06 15:00:09,986 - watchfiles.main - INFO - 1 change detected
2026-03-06 15:00:10,388 - watchfiles.main - INFO - 1 change detected
2026-03-06 15:00:10,794 - watchfiles.main - INFO - 1 change detected
2026-03-06 15:00:11,200 - watchfiles.main - INFO - 1 change detected
2026-03-06 15:00:11,608 - watchfiles.main - INFO - 1 change detected
2026-03-06 15:00:12,069 - watchfiles.main - INFO - 1 change detected
2026-03-06 15:00:12,484 - watchfiles.main - INFO - 1 change detected
2026-03-06 15:00:12,886 - watchfiles.main - INFO - 1 change detected
2026-03-06 15:00:13,290 - watchfiles.main - INFO - 1 change detected
2026-03-06 15:00:13,695 - watchfiles.main - INFO - 1 change detected
2026-03-06 15:00:14,101 - watchfiles.main - INFO - 1 change detected
2026-03-06 15:00:14,507 - watchfiles.main - INFO - 1 change detected
2026-03-06 15:00:14,911 - watchfiles.main - INFO - 1 change detected
2026-03-06 15:00:15,365 - watchfiles.main - INFO - 1 change detected
2026-03-06 15:00:15,781 - watchfiles.main - INFO - 1 change detected
2026-03-06 15:00:16,186 - watchfiles.main - INFO - 1 change detected
2026-03-06 15:00:16,590 - watchfiles.main - INFO - 1 change detected
2026-03-06 15:00:16,995 - watchfiles.main - INFO - 1 change detected
2026-03-06 15:00:17,401 - watchfiles.main - INFO - 1 change detected
2026-03-06 15:00:17,810 - watchfiles.main - INFO - 1 change detected
2026-03-06 15:00:18,217 - watchfiles.main - INFO - 1 change detected
2026-03-06 15:00:18,621 - watchfiles.main - INFO - 1 change detected
2026-03-06 15:00:19,028 - watchfiles.main - INFO - 1 change detected
2026-03-06 15:00:19,433 - watchfiles.main - INFO - 1 change detected
2026-03-06 15:00:19,840 - watchfiles.main - INFO - 1 change detected
2026-03-06 15:00:20,256 - watchfiles.main - INFO - 1 change detected
2026-03-06 15:00:20,661 - watchfiles.main - INFO - 1 change detected
2026-03-06 15:00:21,118 - watchfiles.main - INFO - 1 change detected
2026-03-06 15:00:21,573 - watchfiles.main - INFO - 1 change detected
2026-03-06 15:00:21,989 - watchfiles.main - INFO - 1 change detected
2026-03-06 15:00:22,443 - watchfiles.main - INFO - 1 change detected
2026-03-06 15:00:22,847 - watchfiles.main - INFO - 1 change detected
2026-03-06 15:00:23,253 - watchfiles.main - INFO - 1 change detected
2026-03-06 15:00:23,657 - watchfiles.main - INFO - 1 change detected
2026-03-06 15:00:24,063 - watchfiles.main - INFO - 1 change detected
2026-03-06 15:00:24,470 - watchfiles.main - INFO - 1 change detected
2026-03-06 15:00:24,875 - watchfiles.main - INFO - 1 change detected
2026-03-06 15:00:25,280 - watchfiles.main - INFO - 1 change detected
2026-03-06 15:00:25,736 - watchfiles.main - INFO - 1 change detected
2026-03-06 15:00:26,141 - watchfiles.main - INFO - 1 change detected
2026-03-06 15:00:26,547 - watchfiles.main - INFO - 1 change detected
2026-03-06 15:00:26,953 - watchfiles.main - INFO - 1 change detected
2026-03-06 15:00:27,357 - watchfiles.main - INFO - 1 change detected
2026-03-06 15:00:27,763 - watchfiles.main - INFO - 1 change detected
2026-03-06 15:00:28,623 - watchfiles.main - INFO - 1 change detected
2026-03-06 15:00:28,988 - watchfiles.main - INFO - 1 change detected
2026-03-06 15:00:29,396 - watchfiles.main - INFO - 1 change detected
2026-03-06 15:00:29,805 - watchfiles.main - INFO - 1 change detected
2026-03-06 15:00:30,208 - watchfiles.main - INFO - 1 change detected
2026-03-06 15:00:30,612 - watchfiles.main - INFO - 1 change detected
2026-03-06 15:00:31,069 - watchfiles.main - INFO - 1 change detected
2026-03-06 15:00:31,433 - watchfiles.main - INFO - 1 change detected
2026-03-06 15:00:31,890 - watchfiles.main - INFO - 1 change detected
2026-03-06 15:00:32,293 - watchfiles.main - INFO - 1 change detected
2026-03-06 15:00:32,698 - watchfiles.main - INFO - 1 change detected
2026-03-06 15:00:33,105 - watchfiles.main - INFO - 1 change detected
2026-03-06 15:00:33,510 - watchfiles.main - INFO - 1 change detected
2026-03-06 15:00:33,913 - watchfiles.main - INFO - 1 change detected
2026-03-06 15:00:34,317 - watchfiles.main - INFO - 1 change detected
2026-03-06 15:00:34,772 - watchfiles.main - INFO - 1 change detected
2026-03-06 15:00:35,175 - watchfiles.main - INFO - 1 change detected
2026-03-06 15:00:35,591 - watchfiles.main - INFO - 1 change detected
2026-03-06 15:00:35,999 - watchfiles.main - INFO - 1 change detected
2026-03-06 15:00:36,402 - watchfiles.main - INFO - 1 change detected
2026-03-06 15:00:36,804 - watchfiles.main - INFO - 1 change detected
2026-03-06 15:00:37,211 - watchfiles.main - INFO - 1 change detected
2026-03-06 15:00:37,667 - watchfiles.main - INFO - 1 change detected
2026-03-06 15:00:38,020 - watchfiles.main - INFO - 1 change detected
2026-03-06 15:00:38,475 - watchfiles.main - INFO - 1 change detected
2026-03-06 15:00:38,879 - watchfiles.main - INFO - 1 change detected
2026-03-06 15:00:39,285 - watchfiles.main - INFO - 1 change detected
2026-03-06 15:00:39,689 - watchfiles.main - INFO - 1 change detected
2026-03-06 15:00:40,096 - watchfiles.main - INFO - 1 change detected
2026-03-06 15:00:40,500 - watchfiles.main - INFO - 1 change detected
2026-03-06 15:00:40,907 - watchfiles.main - INFO - 1 change detected
2026-03-06 15:00:41,363 - watchfiles.main - INFO - 1 change detected
2026-03-06 15:00:41,730 - watchfiles.main - INFO - 1 change detected
2026-03-06 15:00:42,141 - watchfiles.main - INFO - 1 change detected
2026-03-06 15:00:42,557 - watchfiles.main - INFO - 1 change detected
2026-03-06 15:00:42,967 - watchfiles.main - INFO - 1 change detected
2026-03-06 15:00:43,373 - watchfiles.main - INFO - 1 change detected
2026-03-06 15:00:43,782 - watchfiles.main - INFO - 1 change detected
2026-03-06 15:00:44,186 - watchfiles.main - INFO - 1 change detected
2026-03-06 15:00:44,588 - watchfiles.main - INFO - 1 change detected
2026-03-06 15:00:45,046 - watchfiles.main - INFO - 1 change detected
2026-03-06 15:00:45,460 - watchfiles.main - INFO - 1 change detected
2026-03-06 15:00:45,868 - watchfiles.main - INFO - 1 change detected
2026-03-06 15:00:46,275 - watchfiles.main - INFO - 1 change detected
2026-03-06 15:00:46,681 - watchfiles.main - INFO - 1 change detected
2026-03-06 15:00:47,090 - watchfiles.main - INFO - 1 change detected
2026-03-06 15:00:47,494 - watchfiles.main - INFO - 1 change detected
2026-03-06 15:00:47,900 - watchfiles.main - INFO - 1 change detected
2026-03-06 15:00:48,306 - watchfiles.main - INFO - 1 change detected
2026-03-06 15:00:48,711 - watchfiles.main - INFO - 1 change detected
2026-03-06 15:00:49,129 - watchfiles.main - INFO - 1 change detected
2026-03-06 15:00:49,534 - watchfiles.main - INFO - 1 change detected
2026-03-06 15:00:49,888 - watchfiles.main - INFO - 1 change detected
2026-03-06 15:00:50,348 - watchfiles.main - INFO - 1 change detected
2026-03-06 15:00:50,750 - watchfiles.main - INFO - 1 change detected
2026-03-06 15:00:51,157 - watchfiles.main - INFO - 1 change detected
2026-03-06 15:00:51,562 - watchfiles.main - INFO - 1 change detected
2026-03-06 15:00:52,017 - watchfiles.main - INFO - 1 change detected
2026-03-06 15:00:52,418 - watchfiles.main - INFO - 1 change detected
2026-03-06 15:00:52,871 - watchfiles.main - INFO - 1 change detected
2026-03-06 15:00:53,274 - watchfiles.main - INFO - 1 change detected
2026-03-06 15:00:53,678 - watchfiles.main - INFO - 1 change detected
2026-03-06 15:00:54,134 - watchfiles.main - INFO - 1 change detected
2026-03-06 15:00:54,500 - watchfiles.main - INFO - 1 change detected
2026-03-06 15:00:54,960 - watchfiles.main - INFO - 1 change detected
2026-03-06 15:00:55,375 - watchfiles.main - INFO - 1 change detected
2026-03-06 15:00:55,994 - watchfiles.main - INFO - 1 change detected
2026-03-06 15:00:56,412 - watchfiles.main - INFO - 1 change detected
2026-03-06 15:00:57,027 - watchfiles.main - INFO - 1 change detected
2026-03-06 15:00:57,444 - watchfiles.main - INFO - 1 change detected
2026-03-06 15:00:57,849 - watchfiles.main - INFO - 1 change detected
2026-03-06 15:00:58,265 - watchfiles.main - INFO - 1 change detected
2026-03-06 15:00:58,681 - watchfiles.main - INFO - 1 change detected
2026-03-06 15:00:59,136 - watchfiles.main - INFO - 1 change detected
2026-03-06 15:00:59,550 - watchfiles.main - INFO - 1 change detected
2026-03-06 15:00:59,953 - watchfiles.main - INFO - 1 change detected
2026-03-06 15:01:00,357 - watchfiles.main - INFO - 1 change detected
2026-03-06 15:01:00,811 - watchfiles.main - INFO - 1 change detected
2026-03-06 15:01:01,227 - watchfiles.main - INFO - 1 change detected
2026-03-06 15:01:01,631 - watchfiles.main - INFO - 1 change detected
2026-03-06 15:01:02,038 - watchfiles.main - INFO - 1 change detected
2026-03-06 15:01:02,454 - watchfiles.main - INFO - 1 change detected
2026-03-06 15:01:02,910 - watchfiles.main - INFO - 1 change detected
2026-03-06 15:01:03,312 - watchfiles.main - INFO - 1 change detected
2026-03-06 15:01:03,716 - watchfiles.main - INFO - 1 change detected
2026-03-06 15:01:04,172 - watchfiles.main - INFO - 1 change detected
2026-03-06 15:01:04,537 - watchfiles.main - INFO - 1 change detected
2026-03-06 15:01:04,998 - watchfiles.main - INFO - 1 change detected
2026-03-06 15:01:05,364 - watchfiles.main - INFO - 1 change detected
2026-03-06 15:01:05,776 - watchfiles.main - INFO - 1 change detected
2026-03-06 15:01:06,230 - watchfiles.main - INFO - 1 change detected
2026-03-06 15:01:06,647 - watchfiles.main - INFO - 1 change detected
2026-03-06 15:01:07,054 - watchfiles.main - INFO - 1 change detected
2026-03-06 15:01:07,459 - watchfiles.main - INFO - 1 change detected
2026-03-06 15:01:07,814 - watchfiles.main - INFO - 1 change detected
2026-03-06 15:01:08,326 - watchfiles.main - INFO - 1 change detected
2026-03-06 15:01:08,737 - watchfiles.main - INFO - 1 change detected
